<?xml version="1.0" encoding="UTF-8"?>
<robot generator="Robot 7.4.1 (Python 3.14.3 on win32)" generated="2026-02-10T14:17:17.233267" rpa="false" schemaversion="5">
<suite id="s1" name="Preenchimento Incorreto" source="C:\Users\alexandre.junior\OneDrive - Instituto de Pesquisas Eldorado\Documents\projetos-automaçaõ\ExercicioRobot\preenchimento_incorreto.robot">
<test id="s1-t1" name="Verificar mensagens de erro ao clicar em botão sem preencher dados de formulário" line="12">
<kw name="Dado que eu acesse o Organa" owner="setup_teardown" type="SETUP">
<kw name="Open Browser" owner="SeleniumLibrary">
<msg time="2026-02-10T14:17:17.437321" level="INFO">Opening browser 'Chrome' to base url 'http://localhost:3000/'.</msg>
<arg>url=http://localhost:3000/</arg>
<arg>browser=Chrome</arg>
<doc>Opens a new browser instance to the optional ``url``.</doc>
<status status="PASS" start="2026-02-10T14:17:17.437122" elapsed="1.688700"/>
</kw>
<status status="PASS" start="2026-02-10T14:17:17.436610" elapsed="1.689435"/>
</kw>
<kw name="Dado que eu clique no botão criar card">
<kw name="Click Element" owner="SeleniumLibrary">
<msg time="2026-02-10T14:17:19.128072" level="INFO">Clicking element 'id:form-botao'.</msg>
<arg>${BOTAO_CARD}</arg>
<doc>Click the element identified by ``locator``.</doc>
<status status="PASS" start="2026-02-10T14:17:19.127252" elapsed="0.096900"/>
</kw>
<status status="PASS" start="2026-02-10T14:17:19.126650" elapsed="0.097656"/>
</kw>
<kw name="Então sistema apresenta mensagem de campo obrigatório">
<kw name="Element Should Be Visible" owner="SeleniumLibrary">
<msg time="2026-02-10T14:17:19.320013" level="INFO">Element 'id:form-nome-erro' is displayed.</msg>
<arg>id:form-nome-erro</arg>
<doc>Verifies that the element identified by ``locator`` is visible.</doc>
<status status="PASS" start="2026-02-10T14:17:19.225798" elapsed="0.094414"/>
</kw>
<kw name="Element Should Be Visible" owner="SeleniumLibrary">
<msg time="2026-02-10T14:17:19.337564" level="INFO">Element 'id:form-cargo-erro' is displayed.</msg>
<arg>id:form-cargo-erro</arg>
<doc>Verifies that the element identified by ``locator`` is visible.</doc>
<status status="PASS" start="2026-02-10T14:17:19.320486" elapsed="0.017185"/>
</kw>
<kw name="Element Should Be Visible" owner="SeleniumLibrary">
<msg time="2026-02-10T14:17:19.352661" level="INFO">Element 'id:form-times-erro' is displayed.</msg>
<arg>id:form-times-erro</arg>
<doc>Verifies that the element identified by ``locator`` is visible.</doc>
<status status="PASS" start="2026-02-10T14:17:19.337849" elapsed="0.014898"/>
</kw>
<status status="PASS" start="2026-02-10T14:17:19.225171" elapsed="0.127653"/>
</kw>
<kw name="Fechar o navegador" owner="setup_teardown" type="TEARDOWN">
<kw name="Close Browser" owner="SeleniumLibrary">
<doc>Closes the current browser.</doc>
<status status="PASS" start="2026-02-10T14:17:19.353412" elapsed="2.255428"/>
</kw>
<status status="PASS" start="2026-02-10T14:17:19.353222" elapsed="2.255763"/>
</kw>
<status status="PASS" start="2026-02-10T14:17:17.435966" elapsed="4.173568"/>
</test>
<status status="PASS" start="2026-02-10T14:17:17.234766" elapsed="4.375768"/>
</suite>
<statistics>
<total>
<stat pass="1" fail="0" skip="0">All Tests</stat>
</total>
<tag>
</tag>
<suite>
<stat name="Preenchimento Incorreto" id="s1" pass="1" fail="0" skip="0">Preenchimento Incorreto</stat>
</suite>
</statistics>
<errors>
</errors>
</robot>
