<?xml version="1.0" encoding="UTF-8"?>
<robot generator="Robot 7.4.1 (Python 3.14.3 on win32)" generated="2026-02-10T16:53:02.520444" rpa="false" schemaversion="5">
<suite id="s1" name="ExercicioRobot" source="C:\Users\alexandre.junior\OneDrive - Instituto de Pesquisas Eldorado\Documents\projetos-automaçaõ\ExercicioRobot">
<suite id="s1-s1" name="Tests" source="C:\Users\alexandre.junior\OneDrive - Instituto de Pesquisas Eldorado\Documents\projetos-automaçaõ\ExercicioRobot\tests">
<suite id="s1-s1-s1" name="Preenchimento Incorreto" source="C:\Users\alexandre.junior\OneDrive - Instituto de Pesquisas Eldorado\Documents\projetos-automaçaõ\ExercicioRobot\tests\preenchimento_incorreto.robot">
<test id="s1-s1-s1-t1" name="Verificar mensagens de erro ao clicar em botão sem preencher dados de formulário" line="7">
<kw name="Dado que eu acesse o Organa" owner="setup_teardown" type="SETUP">
<kw name="Open Browser" owner="SeleniumLibrary">
<msg time="2026-02-10T16:53:03.017715" level="INFO">Opening browser 'Chrome' to base url 'http://localhost:3000/'.</msg>
<arg>url=http://localhost:3000/</arg>
<arg>browser=Chrome</arg>
<doc>Opens a new browser instance to the optional ``url``.</doc>
<status status="PASS" start="2026-02-10T16:53:03.017419" elapsed="1.215819"/>
</kw>
<status status="PASS" start="2026-02-10T16:53:03.016555" elapsed="1.217013"/>
</kw>
<kw name="Dado que eu clique no botão criar card" owner="cadastro">
<kw name="Click Element" owner="SeleniumLibrary">
<msg time="2026-02-10T16:53:04.235458" level="INFO">Clicking element 'id:form-botao'.</msg>
<arg>${BOTAO_CARD}</arg>
<doc>Click the element identified by ``locator``.</doc>
<status status="PASS" start="2026-02-10T16:53:04.234779" elapsed="0.140689"/>
</kw>
<status status="PASS" start="2026-02-10T16:53:04.234096" elapsed="0.141647"/>
</kw>
<kw name="Então sistema apresenta mensagem de campo obrigatório" owner="cadastro">
<kw name="Element Should Be Visible" owner="SeleniumLibrary">
<msg time="2026-02-10T16:53:04.403920" level="INFO">Element 'id:form-nome-erro' is displayed.</msg>
<arg>id:form-nome-erro</arg>
<doc>Verifies that the element identified by ``locator`` is visible.</doc>
<status status="PASS" start="2026-02-10T16:53:04.377252" elapsed="0.027133"/>
</kw>
<kw name="Element Should Be Visible" owner="SeleniumLibrary">
<msg time="2026-02-10T16:53:04.426483" level="INFO">Element 'id:form-cargo-erro' is displayed.</msg>
<arg>id:form-cargo-erro</arg>
<doc>Verifies that the element identified by ``locator`` is visible.</doc>
<status status="PASS" start="2026-02-10T16:53:04.404630" elapsed="0.022148"/>
</kw>
<kw name="Element Should Be Visible" owner="SeleniumLibrary">
<msg time="2026-02-10T16:53:04.446312" level="INFO">Element 'id:form-times-erro' is displayed.</msg>
<arg>id:form-times-erro</arg>
<doc>Verifies that the element identified by ``locator`` is visible.</doc>
<status status="PASS" start="2026-02-10T16:53:04.427017" elapsed="0.019645"/>
</kw>
<status status="PASS" start="2026-02-10T16:53:04.376625" elapsed="0.070244"/>
</kw>
<kw name="Fechar o navegador" owner="setup_teardown" type="TEARDOWN">
<kw name="Close Browser" owner="SeleniumLibrary">
<doc>Closes the current browser.</doc>
<status status="PASS" start="2026-02-10T16:53:04.448261" elapsed="2.312148"/>
</kw>
<status status="PASS" start="2026-02-10T16:53:04.447590" elapsed="2.313043"/>
</kw>
<status status="PASS" start="2026-02-10T16:53:03.013423" elapsed="3.747633"/>
</test>
<status status="PASS" start="2026-02-10T16:53:02.562372" elapsed="4.205185"/>
</suite>
<status status="PASS" start="2026-02-10T16:53:02.558316" elapsed="4.212399"/>
</suite>
<status status="PASS" start="2026-02-10T16:53:02.526169" elapsed="4.247564"/>
</suite>
<statistics>
<total>
<stat pass="1" fail="0" skip="0">All Tests</stat>
</total>
<tag>
</tag>
<suite>
<stat name="ExercicioRobot" id="s1" pass="1" fail="0" skip="0">ExercicioRobot</stat>
<stat name="Tests" id="s1-s1" pass="1" fail="0" skip="0">ExercicioRobot.Tests</stat>
<stat name="Preenchimento Incorreto" id="s1-s1-s1" pass="1" fail="0" skip="0">ExercicioRobot.Tests.Preenchimento Incorreto</stat>
</suite>
</statistics>
<errors>
</errors>
</robot>
